
==============
20250527114355
==============
untracked file, adding: _posts/2025-05-27-frontmatter-minima.md


==============
20250527232740
==============
untracked file, adding: index.md


==============
20250527233531
==============
untracked file, adding: README.mdxxx
untracked file, adding: blog.md
untracked file, adding: 2024-11-14-Reuse an Old Smart Phone.md


==============
20250527233733
==============
untracked file, adding: Reuse_an_Old_Smart_Phone.md


==============
20250527235716
==============
untracked file, adding: about.md

