
==============
20250606110852
==============
untracked file, adding: .zettel-notes/recycle-bin/.info/Reuse an Old Smart Phone.md.trashinfo
untracked file, adding: .zettel-notes/recycle-bin/Reuse_an_Old_Smart_Phone.md
untracked file, adding: .zettel-notes/recycle-bin/.info/Reuse_an_Old_Smart_Phone.md.trashinfo
untracked file, adding: .zettel-notes/recycle-bin/.info/Untitled_1.md.trashinfo
untracked file, adding: .zettel-notes/recycle-bin/.info/Local_ai_1.md.trashinfo
untracked file, adding: .zettel-notes/recycle-bin/.info/about.md.trashinfo
untracked file, adding: .zettel-notes/recycle-bin/.info/2024-06-01-Reuse an Old Smart Phone.md.trashinfo
untracked file, adding: .zettel-notes/recycle-bin/2024-10-14_nightly_reboot_1.md
untracked file, adding: .zettel-notes/recycle-bin/.info/2023-12-05-swag_1.md.trashinfo
untracked file, adding: .zettel-notes/recycle-bin/.info/2024-10-12WireGuardAllowedIPsCalculator.md.trashinfo
untracked file, adding: .zettel-notes/recycle-bin/.info/Generative AI Essentials_ Overview and Impact.md.trashinfo
untracked file, adding: .zettel-notes/recycle-bin/2024-12-17-hass-backup.md
untracked file, adding: .zettel-notes/recycle-bin/.info/blog.md.trashinfo
untracked file, adding: .zettel-notes/recycle-bin/.info/Where i keep my stuff.md.trashinfo
untracked file, adding: .zettel-notes/recycle-bin/2025-05-27-frontmatter-minima.md
untracked file, adding: .zettel-notes/recycle-bin/.info/2023-12-05-swag_1_1.md.trashinfo
untracked file, adding: .zettel-notes/patches/4/9a221f25-2973-49e1-99c2-b11355c22ed4.diff
untracked file, adding: .zettel-notes/recycle-bin/.info/2025-03-09-wol-cherbourg.md.trashinfo
untracked file, adding: .zettel-notes/recycle-bin/.info/2025-03-09_tailscale_wol.md.trashinfo
untracked file, adding: .zettel-notes/recycle-bin/.info/2024-10-10-Wake_on_LAN.md.trashinfo
untracked file, adding: .zettel-notes/logs/sync/2025-03-31.log
untracked file, adding: .zettel-notes/logs/sync/2025-05-27.log
untracked file, adding: .zettel-notes/recycle-bin/2025-03-31_Local_AI.md
untracked file, adding: .zettel-notes/recycle-bin/2024-08-13-sitesetup.md
untracked file, adding: .zettel-notes/recycle-bin/index.md
untracked file, adding: .zettel-notes/recycle-bin/2024-06-01-Reuse an Old Smart Phone_1.md
untracked file, adding: .zettel-notes/recycle-bin/.info/Local_ai.md.trashinfo
untracked file, adding: .zettel-notes/recycle-bin/2024-10-14_nightly_reboot.md
untracked file, adding: .zettel-notes/logs/sync/2025-05-28.log
untracked file, adding: .zettel-notes/recycle-bin/2024-10-10-Wake_on_LAN.md
untracked file, adding: .zettel-notes/recycle-bin/2025-03-09-wol-cherbourg_1.md
untracked file, adding: .zettel-notes/recycle-bin/.info/2024-08-13-sitesetup.md.trashinfo
untracked file, adding: .zettel-notes/patches/4/886370b4-2aee-4292-a988-bc4612b6fa1c.diff
untracked file, adding: .zettel-notes/logs/sync/2025-03-07.log
untracked file, adding: .zettel-notes/recycle-bin/.info/2024-12-17-hass-backup.md.trashinfo
untracked file, adding: .zettel-notes/recycle-bin/blog.md
untracked file, adding: .zettel-notes/recycle-bin/.info/2025-05-27-frontmatter-minima.md.trashinfo
untracked file, adding: .zettel-notes/recycle-bin/.info/2023-12-05-swag.md.trashinfo
untracked file, adding: .zettel-notes/recycle-bin/.info/Untitled.md.trashinfo
untracked file, adding: .zettel-notes/recycle-bin/.info/index.md.trashinfo
untracked file, adding: .zettel-notes/logs/sync/2025-03-09.log
untracked file, adding: .zettel-notes/recycle-bin/2024-06-01-Reuse an Old Smart Phone.md
untracked file, adding: .zettel-notes/logs/sync/2025-05-26.log
untracked file, adding: .zettel-notes/recycle-bin/.info/2024-09-13-Jupyter Notebook  Docker Container.md.trashinfo
untracked file, adding: .zettel-notes/recycle-bin/.info/2025-03-31_Local_AI.md.trashinfo
untracked file, adding: .zettel-notes/recycle-bin/2023-12-05-swag_1.md
untracked file, adding: .zettel-notes/config.toml
untracked file, adding: .zettel-notes/recycle-bin/.info/2024-10-14_nightly_reboot.md.trashinfo
untracked file, adding: .zettel-notes/recycle-bin/2025-03-09-wol-cherbourg.md
untracked file, adding: .zettel-notes/logs/sync/2025-03-10.log
untracked file, adding: .zettel-notes/recycle-bin/.info/2024-09-06-immich.md.trashinfo
untracked file, adding: .zettel-notes/recycle-bin/.info/DS4SD_docling_ _ Transform PDF to JSON or Markdown with ease and speed _.md.trashinfo
untracked file, adding: .zettel-notes/recycle-bin/about.md

