
==============
20260111083031
==============
untracked file, adding: .zettel-notes/patches/97/b52c2e58-8fee-4b53-912c-04faeed7899c.diff
untracked file, adding: .zettel-notes/patches/97/f5ee360b-563f-4186-aaa4-a51cd4436a43.diff
untracked file, adding: pmbootstrap_flasher.md
untracked file, adding: .zettel-notes/patches/95/300eb464-0082-4f04-9e4f-76ae3618ae7b.diff
untracked file, adding: .zettel-notes/patches/98/696fb4e6-5bcc-4dff-8b3a-9ae3476d1537.diff
untracked file, adding: .zettel-notes/logs/sync/2026-01-10.log
untracked file, adding: .zettel-notes/patches/68/b0e06ee2-e0f0-490c-9fc0-c2e8763a45ef.diff
untracked file, adding: pmbootstrap_install.md
untracked file, adding: .zettel-notes/patches/68/5800df8f-9206-4394-9bf9-494b144dcf99.diff
untracked file, adding: Docker.md
untracked file, adding: .zettel-notes/patches/97/24f2e6ae-4531-4143-85c9-e25d9fa29cc3.diff
untracked file, adding: .zettel-notes/patches/97/7facc8dd-bb0a-41da-87c3-177b13ec8a33.diff
untracked file, adding: .zettel-notes/patches/97/712a9ad9-b9b5-4045-b579-fcc761893ec5.diff
untracked file, adding: .zettel-notes/patches/97/16495b6e-9056-4f6d-b99c-316f89d80a3f.diff


==============
20260111111406
==============
untracked file, adding: .zettel-notes/patches/68/4f2b0452-04f3-487d-85ec-b5b40c7c6956.diff
untracked file, adding: .zettel-notes/patches/68/fb937166-bbf8-4c4d-802d-cf494872822c.diff
untracked file, adding: .zettel-notes/logs/sync/2026-01-11.log
untracked file, adding: .zettel-notes/patches/98/89edba2a-077f-4c8f-b8ca-dc017c0eb7e2.diff
untracked file, adding: .zettel-notes/patches/98/c2993e75-beb9-43e8-b727-ed077924de5a.diff
untracked file, adding: .zettel-notes/patches/98/fe57c8c6-015d-48aa-933f-7160eda25e99.diff
untracked file, adding: .zettel-notes/patches/98/ced298e0-5fa5-4c8d-b58b-6aba207a4c0a.diff
untracked file, adding: setup_wifi.md
untracked file, adding: hass.md
untracked file, adding: .zettel-notes/patches/98/4a8eac10-66f7-438d-8120-99fbf0616b3a.diff


==============
20260111135237
==============
untracked file, adding: .zettel-notes/patches/101/d5f43335-c680-4e79-a206-9a10b8490e29.diff
untracked file, adding: .zettel-notes/patches/100/a78a870b-ab36-4581-9620-28590cf0ea0c.diff
untracked file, adding: bluetooth.md
untracked file, adding: .zettel-notes/patches/100/a3f8b503-132a-4445-a1a7-0482f731fa3a.diff
untracked file, adding: .zettel-notes/patches/100/e56f320a-5ebc-465d-bf50-f20c3ba1fdfe.diff
untracked file, adding: .zettel-notes/patches/100/3a7e8b64-bc7c-4123-b0e7-100295f744bc.diff
untracked file, adding: .zettel-notes/patches/100/8a8aad48-f785-4b2b-8637-36b43a97ebe7.diff
untracked file, adding: .zettel-notes/patches/100/20e7ada4-898d-4e85-aa65-e2b21904419c.diff
untracked file, adding: .zettel-notes/patches/100/9ee1e8de-331e-461c-bd0e-bf177593241e.diff
untracked file, adding: .zettel-notes/patches/100/7b49f946-1094-44d7-b86d-e57493c0c4d2.diff
untracked file, adding: .zettel-notes/patches/100/aeae0136-9ca4-4e8a-9497-241ee1a908d9.diff


==============
20260111190221
==============
untracked file, adding: .zettel-notes/patches/102/abe05518-c304-47f6-8fcc-de92fcc7f754.diff
untracked file, adding: .zettel-notes/patches/101/eb8989c0-4611-4584-93b3-85023f1e57c7.diff
untracked file, adding: firewall.md

