
==============
20260616125116
==============
untracked file, adding: .zettel-notes/patches/107/6dc81ee1-f99c-4781-9e9b-9671caa1bf63.diff


==============
20260616163308
==============
untracked file, adding: .zettel-notes/logs/sync/2026-06-16.log
untracked file, adding: .zettel-notes/patches/107/de074daa-55b6-468a-8717-f3c19235d447.diff


==============
20260616163400
==============
untracked file, adding: .zettel-notes/patches/107/ebccbecb-d6c9-4460-8665-7aac27be7537.diff


==============
20260616163409
==============
untracked file, adding: .zettel-notes/patches/107/613679e8-f7ed-4ef8-8812-a01dcd4ea994.diff


==============
20260616165238
==============
untracked file, adding: .zettel-notes/patches/107/cb610f8e-9c33-4bd0-aee0-448addf91180.diff
untracked file, adding: .zettel-notes/patches/107/7a0dbeb1-18f3-4f49-8f38-dd21ee39c832.diff
untracked file, adding: .zettel-notes/patches/107/9a143901-d4b2-42fe-b81c-62fd31f06cb4.diff


==============
20260616165806
==============
untracked file, adding: .zettel-notes/patches/107/4090335a-d49f-47ce-a151-39dafee2ec7b.diff


==============
20260616165824
==============
untracked file, adding: .zettel-notes/patches/107/f96ac9f7-1b7c-41a4-a9c2-588fb65e1921.diff


==============
20260616175123
==============
untracked file, adding: .zettel-notes/patches/107/ca705697-816c-4130-a088-ddcc1436fe73.diff

