
==============
20260411114636
==============
untracked file, adding: .zettel-notes/patches/112/4c727b38-4da8-4df1-b5ce-4ad1e32a9ed7.diff


==============
20260411114647
==============
untracked file, adding: .zettel-notes/logs/sync/2026-04-11.log
untracked file, adding: .zettel-notes/patches/112/cf0060b4-a3bf-436f-b06e-5908291a9816.diff


==============
20260411114735
==============
untracked file, adding: .zettel-notes/patches/112/a7354008-2b73-4b0c-996d-efd0ebe18b41.diff
untracked file, adding: _posts/2026-04-11-Tailscale.md


==============
20260411115005
==============
untracked file, adding: .zettel-notes/patches/112/4fd7d400-f49f-41ac-8818-48cf7c1acec8.diff


==============
20260411115023
==============
untracked file, adding: .zettel-notes/patches/112/dcb78d8e-2450-4131-8745-b83ff8d9a1f6.diff


==============
20260411115834
==============
untracked file, adding: .zettel-notes/patches/112/56795594-b9c0-4907-b0af-20371f0795d7.diff


==============
20260411120025
==============
untracked file, adding: .zettel-notes/patches/112/4f4577ac-8f6d-43e2-8f49-c4b493deaff9.diff


==============
20260411120446
==============
untracked file, adding: .zettel-notes/patches/112/ea4a2d32-f854-409c-b841-38b663d3c44a.diff


==============
20260411120617
==============
untracked file, adding: .zettel-notes/patches/112/76a6c183-008d-4aa0-b27a-769625cba9c7.diff

