
==============
20260109084109
==============
untracked file, adding: .zettel-notes/patches/68/e79143fd-4ef4-4c5f-9920-2df5c62d1fb7.diff


==============
20260109095751
==============
untracked file, adding: .zettel-notes/recycle-bin/2024-06-01-Reuse an Old Smart Phone.md
untracked file, adding: .zettel-notes/patches/92/5bc6cf03-e7f5-4d35-8a33-a5d6e1efb1b5.diff
untracked file, adding: 2024-06-01-Reuse an Old Smart Phone.md
untracked file, adding: .zettel-notes/patches/68/95559fb9-a4fa-4863-97b2-5b8a32bddf01.diff
untracked file, adding: .zettel-notes/recycle-bin/2025-06-07-Rules-of-Calculation-QED.md
untracked file, adding: .zettel-notes/logs/sync/2026-01-09.log


==============
20260109155515
==============
untracked file, adding: .zettel-notes/patches/68/9a7ae028-cf4b-42e6-8d50-4f53c98cbfed.diff


==============
20260109160532
==============
untracked file, adding: .zettel-notes/patches/68/1d5c1919-fd4a-4593-ae4b-48ad9e666f4e.diff


==============
20260109160642
==============
untracked file, adding: .zettel-notes/patches/68/1334ebb4-bfc7-436c-8f9d-d07057a641a3.diff


==============
20260109160819
==============
untracked file, adding: .zettel-notes/patches/93/13243927-7b7d-4c0f-9ac8-99aadb0f77fd.diff
untracked file, adding: install_pmbootstrap.md


==============
20260109161857
==============
untracked file, adding: .zettel-notes/patches/93/e022e1ee-4bfd-44e8-bbd9-842984ef3874.diff


==============
20260109161911
==============
untracked file, adding: .zettel-notes/patches/93/2fe5a803-58db-4e30-9d16-529aacadeb00.diff

