
==============
20260115101712
==============
untracked file, adding: .zettel-notes/patches/103/345ba3a1-5761-468d-9668-5e1e7975320b.diff


==============
20260115104407
==============
untracked file, adding: .zettel-notes/logs/sync/2026-01-15.log
untracked file, adding: .zettel-notes/patches/103/fb8ff0f0-00aa-40d0-94a1-9e3b82088e6f.diff


==============
20260115111547
==============
untracked file, adding: _posts/battery_strategy.md


==============
20260115112054
==============
untracked file, adding: .zettel-notes/patches/104/cbbfb077-f635-4f16-8356-c2bdfdb5dc4e.diff


==============
20260115112203
==============
untracked file, adding: _posts/2026-01-15_battery_strategy.md
untracked file, adding: .zettel-notes/patches/104/1316b784-227f-416e-9c6f-e7839fc3a9eb.diff


==============
20260115112353
==============
untracked file, adding: .zettel-notes/patches/104/40b51633-5586-44af-a53b-089013a359fd.diff


==============
20260115112952
==============
untracked file, adding: .zettel-notes/patches/103/3c033b68-a23a-457b-b22e-c304e6441e4b.diff


==============
20260115113141
==============
untracked file, adding: .zettel-notes/patches/103/9530746f-7a95-44b4-8b4f-0aa30e5cae61.diff

