
==============
20260216104557
==============
untracked file, adding: .zettel-notes/patches/108/93cd93a5-e8d9-4612-9c7a-65b49034bc2e.diff
untracked file, adding: .zettel-notes/patches/102/2bdf3c1e-e3d0-433d-a8c6-a7f397b4005e.diff
untracked file, adding: limit_battery_charge.md
untracked file, adding: .zettel-notes/patches/108/39546747-62e9-42a1-961a-43e9be50011b.diff


==============
20260216113046
==============
untracked file, adding: .zettel-notes/logs/sync/2026-02-16.log
untracked file, adding: .zettel-notes/patches/108/d8a46a17-1cea-428a-9a86-0a93f21716a0.diff


==============
20260216115834
==============
untracked file, adding: .zettel-notes/patches/108/cc4185ee-3446-4802-8559-e4a9043c0ef4.diff


==============
20260216190600
==============
untracked file, adding: .zettel-notes/patches/108/b33151cc-6b11-4d6c-bcc5-e61b04c79776.diff
untracked file, adding: .zettel-notes/patches/108/196f07e1-352f-46bf-9006-387cbc604406.diff
untracked file, adding: .zettel-notes/patches/108/064e7bf1-90a6-4832-8792-19608f291fdf.diff
untracked file, adding: .zettel-notes/patches/108/f904872a-e207-4c56-b696-6a7556257c74.diff
untracked file, adding: .zettel-notes/patches/108/576ae73b-bbcb-4f25-ad84-507506be7a2d.diff
untracked file, adding: .zettel-notes/patches/108/5844bd5d-b0d5-4d12-98ca-cd2cda9340a1.diff

